2022-01-06 15:30:58 0 [Note] InnoDB: Mutexes and rw_locks use Windows interlocked functions
2022-01-06 15:30:58 0 [Note] InnoDB: Uses event mutexes
2022-01-06 15:30:58 0 [Note] InnoDB: Compressed tables use zlib 1.2.11
2022-01-06 15:30:58 0 [Note] InnoDB: Number of pools: 1
2022-01-06 15:30:58 0 [Note] InnoDB: Using SSE2 crc32 instructions
2022-01-06 15:30:58 0 [Note] InnoDB: Initializing buffer pool, total size = 16M, instances = 1, chunk size = 16M
2022-01-06 15:30:58 0 [Note] InnoDB: Completed initialization of buffer pool
2022-01-06 15:30:58 0 [Note] InnoDB: Starting crash recovery from checkpoint LSN=300288
2022-01-06 15:30:58 0 [Note] InnoDB: 128 out of 128 rollback segments are active.
2022-01-06 15:30:58 0 [Note] InnoDB: Removed temporary tablespace data file: "ibtmp1"
2022-01-06 15:30:58 0 [Note] InnoDB: Creating shared tablespace for temporary tables
2022-01-06 15:30:58 0 [Note] InnoDB: Setting file 'D:\xampp\mysql\data\ibtmp1' size to 12 MB. Physically writing the file full; Please wait ...
2022-01-06 15:30:58 0 [Note] InnoDB: File 'D:\xampp\mysql\data\ibtmp1' size is now 12 MB.
2022-01-06 15:30:58 0 [Note] InnoDB: Waiting for purge to start
2022-01-06 15:30:58 0 [Note] InnoDB: 10.4.22 started; log sequence number 300297; transaction id 170
2022-01-06 15:30:58 0 [Note] InnoDB: Loading buffer pool(s) from D:\xampp\mysql\data\ib_buffer_pool
2022-01-06 15:30:58 0 [Note] Plugin 'FEEDBACK' is disabled.
2022-01-06 15:30:58 0 [Note] Server socket created on IP: '::'.
2022-01-07 13:43:57 0 [Note] InnoDB: Mutexes and rw_locks use Windows interlocked functions
2022-01-07 13:43:57 0 [Note] InnoDB: Uses event mutexes
2022-01-07 13:43:57 0 [Note] InnoDB: Compressed tables use zlib 1.2.11
2022-01-07 13:43:58 0 [Note] InnoDB: Number of pools: 1
2022-01-07 13:43:58 0 [Note] InnoDB: Using SSE2 crc32 instructions
2022-01-07 13:43:58 0 [Note] InnoDB: Initializing buffer pool, total size = 16M, instances = 1, chunk size = 16M
2022-01-07 13:43:58 0 [Note] InnoDB: Completed initialization of buffer pool
2022-01-07 13:43:58 0 [Note] InnoDB: Starting crash recovery from checkpoint LSN=737842
2022-01-07 13:44:01 0 [Note] InnoDB: 128 out of 128 rollback segments are active.
2022-01-07 13:44:01 0 [Note] InnoDB: Removed temporary tablespace data file: "ibtmp1"
2022-01-07 13:44:01 0 [Note] InnoDB: Creating shared tablespace for temporary tables
2022-01-07 13:44:01 0 [Note] InnoDB: Setting file 'D:\xampp\mysql\data\ibtmp1' size to 12 MB. Physically writing the file full; Please wait ...
2022-01-07 13:44:01 0 [Note] InnoDB: File 'D:\xampp\mysql\data\ibtmp1' size is now 12 MB.
2022-01-07 13:44:01 0 [Note] InnoDB: Waiting for purge to start
2022-01-07 13:44:01 0 [Note] InnoDB: Waiting for purge to start
2022-01-07 13:44:01 0 [Note] InnoDB: 10.4.22 started; log sequence number 737851; transaction id 486
2022-01-07 13:44:01 0 [Note] InnoDB: Loading buffer pool(s) from D:\xampp\mysql\data\ib_buffer_pool
2022-01-07 13:44:01 0 [Note] Plugin 'FEEDBACK' is disabled.
2022-01-07 13:44:02 0 [Note] InnoDB: Buffer pool(s) load completed at 220107 13:44:02
2022-01-07 13:44:02 0 [Note] Server socket created on IP: '::'.
2022-01-07 17:21:29 0 [Note] InnoDB: Mutexes and rw_locks use Windows interlocked functions
2022-01-07 17:21:29 0 [Note] InnoDB: Uses event mutexes
2022-01-07 17:21:29 0 [Note] InnoDB: Compressed tables use zlib 1.2.11
2022-01-07 17:21:29 0 [Note] InnoDB: Number of pools: 1
2022-01-07 17:21:29 0 [Note] InnoDB: Using SSE2 crc32 instructions
2022-01-07 17:21:29 0 [Note] InnoDB: Initializing buffer pool, total size = 16M, instances = 1, chunk size = 16M
2022-01-07 17:21:29 0 [Note] InnoDB: Completed initialization of buffer pool
2022-01-07 17:21:30 0 [Note] InnoDB: Starting crash recovery from checkpoint LSN=740237
2022-01-07 17:21:30 0 [Note] InnoDB: 128 out of 128 rollback segments are active.
2022-01-07 17:21:30 0 [Note] InnoDB: Removed temporary tablespace data file: "ibtmp1"
2022-01-07 17:21:30 0 [Note] InnoDB: Creating shared tablespace for temporary tables
2022-01-07 17:21:30 0 [Note] InnoDB: Setting file 'D:\xampp\mysql\data\ibtmp1' size to 12 MB. Physically writing the file full; Please wait ...
2022-01-07 17:21:30 0 [Note] InnoDB: File 'D:\xampp\mysql\data\ibtmp1' size is now 12 MB.
2022-01-07 17:21:30 0 [Note] InnoDB: Waiting for purge to start
2022-01-07 17:21:30 0 [Note] InnoDB: 10.4.22 started; log sequence number 740246; transaction id 521
2022-01-07 17:21:30 0 [Note] InnoDB: Loading buffer pool(s) from D:\xampp\mysql\data\ib_buffer_pool
2022-01-07 17:21:30 0 [Note] Plugin 'FEEDBACK' is disabled.
2022-01-07 17:21:30 0 [Note] Server socket created on IP: '::'.
2022-01-08  1:14:15 0 [Note] InnoDB: Mutexes and rw_locks use Windows interlocked functions
2022-01-08  1:14:15 0 [Note] InnoDB: Uses event mutexes
2022-01-08  1:14:15 0 [Note] InnoDB: Compressed tables use zlib 1.2.11
2022-01-08  1:14:15 0 [Note] InnoDB: Number of pools: 1
2022-01-08  1:14:15 0 [Note] InnoDB: Using SSE2 crc32 instructions
2022-01-08  1:14:15 0 [Note] InnoDB: Initializing buffer pool, total size = 16M, instances = 1, chunk size = 16M
2022-01-08  1:14:15 0 [Note] InnoDB: Completed initialization of buffer pool
2022-01-08  1:14:15 0 [Note] InnoDB: Starting crash recovery from checkpoint LSN=740929
2022-01-08  1:14:15 0 [Note] InnoDB: 128 out of 128 rollback segments are active.
2022-01-08  1:14:15 0 [Note] InnoDB: Removed temporary tablespace data file: "ibtmp1"
2022-01-08  1:14:15 0 [Note] InnoDB: Creating shared tablespace for temporary tables
2022-01-08  1:14:15 0 [Note] InnoDB: Setting file 'D:\xampp\mysql\data\ibtmp1' size to 12 MB. Physically writing the file full; Please wait ...
2022-01-08  1:14:15 0 [Note] InnoDB: File 'D:\xampp\mysql\data\ibtmp1' size is now 12 MB.
2022-01-08  1:14:15 0 [Note] InnoDB: Waiting for purge to start
2022-01-08  1:14:15 0 [Note] InnoDB: 10.4.22 started; log sequence number 740938; transaction id 534
2022-01-08  1:14:15 0 [Note] Plugin 'FEEDBACK' is disabled.
2022-01-08  1:14:15 0 [Note] InnoDB: Loading buffer pool(s) from D:\xampp\mysql\data\ib_buffer_pool
2022-01-08  1:14:16 0 [Note] Server socket created on IP: '::'.
2022-01-08 13:49:56 0 [Note] InnoDB: Mutexes and rw_locks use Windows interlocked functions
2022-01-08 13:49:56 0 [Note] InnoDB: Uses event mutexes
2022-01-08 13:49:56 0 [Note] InnoDB: Compressed tables use zlib 1.2.11
2022-01-08 13:49:56 0 [Note] InnoDB: Number of pools: 1
2022-01-08 13:49:56 0 [Note] InnoDB: Using SSE2 crc32 instructions
2022-01-08 13:49:56 0 [Note] InnoDB: Initializing buffer pool, total size = 16M, instances = 1, chunk size = 16M
2022-01-08 13:49:56 0 [Note] InnoDB: Completed initialization of buffer pool
2022-01-08 13:49:56 0 [Note] InnoDB: Starting crash recovery from checkpoint LSN=788253
2022-01-08 13:49:58 0 [Note] InnoDB: 128 out of 128 rollback segments are active.
2022-01-08 13:49:58 0 [Note] InnoDB: Removed temporary tablespace data file: "ibtmp1"
2022-01-08 13:49:58 0 [Note] InnoDB: Creating shared tablespace for temporary tables
2022-01-08 13:49:58 0 [Note] InnoDB: Setting file 'D:\xampp\mysql\data\ibtmp1' size to 12 MB. Physically writing the file full; Please wait ...
2022-01-08 13:49:58 0 [Note] InnoDB: File 'D:\xampp\mysql\data\ibtmp1' size is now 12 MB.
2022-01-08 13:49:58 0 [Note] InnoDB: Waiting for purge to start
2022-01-08 13:49:58 0 [Note] InnoDB: 10.4.22 started; log sequence number 788262; transaction id 658
2022-01-08 13:49:58 0 [Note] InnoDB: Loading buffer pool(s) from D:\xampp\mysql\data\ib_buffer_pool
2022-01-08 13:49:59 0 [Note] Plugin 'FEEDBACK' is disabled.
2022-01-08 13:49:59 0 [Note] Server socket created on IP: '::'.
2022-01-09  2:46:44 0 [Note] InnoDB: Mutexes and rw_locks use Windows interlocked functions
2022-01-09  2:46:44 0 [Note] InnoDB: Uses event mutexes
2022-01-09  2:46:44 0 [Note] InnoDB: Compressed tables use zlib 1.2.11
2022-01-09  2:46:44 0 [Note] InnoDB: Number of pools: 1
2022-01-09  2:46:44 0 [Note] InnoDB: Using SSE2 crc32 instructions
2022-01-09  2:46:44 0 [Note] InnoDB: Initializing buffer pool, total size = 16M, instances = 1, chunk size = 16M
2022-01-09  2:46:44 0 [Note] InnoDB: Completed initialization of buffer pool
2022-01-09  2:46:44 0 [Note] InnoDB: Starting crash recovery from checkpoint LSN=1519532
2022-01-09  2:46:45 0 [Note] InnoDB: 128 out of 128 rollback segments are active.
2022-01-09  2:46:45 0 [Note] InnoDB: Removed temporary tablespace data file: "ibtmp1"
2022-01-09  2:46:45 0 [Note] InnoDB: Creating shared tablespace for temporary tables
2022-01-09  2:46:45 0 [Note] InnoDB: Setting file 'D:\xampp\mysql\data\ibtmp1' size to 12 MB. Physically writing the file full; Please wait ...
2022-01-09  2:46:45 0 [Note] InnoDB: File 'D:\xampp\mysql\data\ibtmp1' size is now 12 MB.
2022-01-09  2:46:45 0 [Note] InnoDB: Waiting for purge to start
2022-01-09  2:46:45 0 [Note] InnoDB: 10.4.22 started; log sequence number 1519541; transaction id 1070
2022-01-09  2:46:45 0 [Note] InnoDB: Loading buffer pool(s) from D:\xampp\mysql\data\ib_buffer_pool
2022-01-09  2:46:45 0 [Note] Plugin 'FEEDBACK' is disabled.
2022-01-09  2:46:45 0 [Note] Server socket created on IP: '::'.
2022-01-09 15:43:43 0 [Note] InnoDB: Mutexes and rw_locks use Windows interlocked functions
2022-01-09 15:43:43 0 [Note] InnoDB: Uses event mutexes
2022-01-09 15:43:43 0 [Note] InnoDB: Compressed tables use zlib 1.2.11
2022-01-09 15:43:43 0 [Note] InnoDB: Number of pools: 1
2022-01-09 15:43:43 0 [Note] InnoDB: Using SSE2 crc32 instructions
2022-01-09 15:43:43 0 [Note] InnoDB: Initializing buffer pool, total size = 16M, instances = 1, chunk size = 16M
2022-01-09 15:43:43 0 [Note] InnoDB: Completed initialization of buffer pool
2022-01-09 15:43:43 0 [Note] InnoDB: Starting crash recovery from checkpoint LSN=1519862
2022-01-09 15:43:46 0 [Note] InnoDB: 128 out of 128 rollback segments are active.
2022-01-09 15:43:46 0 [Note] InnoDB: Removed temporary tablespace data file: "ibtmp1"
2022-01-09 15:43:46 0 [Note] InnoDB: Creating shared tablespace for temporary tables
2022-01-09 15:43:46 0 [Note] InnoDB: Setting file 'D:\xampp\mysql\data\ibtmp1' size to 12 MB. Physically writing the file full; Please wait ...
2022-01-09 15:43:46 0 [Note] InnoDB: File 'D:\xampp\mysql\data\ibtmp1' size is now 12 MB.
2022-01-09 15:43:46 0 [Note] InnoDB: Waiting for purge to start
2022-01-09 15:43:46 0 [Note] InnoDB: 10.4.22 started; log sequence number 1519871; transaction id 1077
2022-01-09 15:43:46 0 [Note] InnoDB: Loading buffer pool(s) from D:\xampp\mysql\data\ib_buffer_pool
2022-01-09 15:43:46 0 [Note] Plugin 'FEEDBACK' is disabled.
2022-01-09 15:43:47 0 [Note] Server socket created on IP: '::'.
